<?xml version="1.0" encoding="UTF-8"?>
<!-- Generated by org.testng.reporters.JUnitReportReporter -->
<testsuite hostname="DESKTOP-TP1SFRL" failures="0" tests="2" name="testng.P8" time="0.034" errors="0" timestamp="2021-03-09T10:53:38 IST" skipped="0">
  <testcase classname="testng.P8" name="mnop" time="0.019"/>
  <system-out/>
  <testcase classname="testng.P8" name="xyz" time="0.015"/>
  <system-out/>
</testsuite> <!-- testng.P8 -->
