<?xml version="1.0" encoding="UTF-8"?>
<!-- Generated by org.testng.reporters.JUnitReportReporter -->
<testsuite hostname="DESKTOP-TP1SFRL" failures="0" tests="4" name="testng.P4" time="0.026" errors="0" timestamp="2021-03-09T10:23:09 IST" skipped="0">
  <testcase classname="testng.P4" name="duster" time="0.016"/>
  <system-out/>
  <testcase classname="testng.P4" name="pen" time="0.003"/>
  <system-out/>
  <testcase classname="testng.P4" name="keyboard" time="0.004"/>
  <system-out/>
  <testcase classname="testng.P4" name="mouse" time="0.003"/>
  <system-out/>
</testsuite> <!-- testng.P4 -->
