<?xml version="1.0" encoding="UTF-8"?>
<!-- Generated by org.testng.reporters.JUnitReportReporter -->
<testsuite hostname="DESKTOP-TP1SFRL" failures="0" tests="3" name="testng.P3" time="12.990" errors="0" timestamp="2021-03-09T10:05:16 IST" skipped="0">
  <testcase classname="testng.P3" name="openApp" time="5.107"/>
  <system-out/>
  <testcase classname="testng.P3" name="testApp" time="6.834"/>
  <system-out>
Google  </system-out>
  <testcase classname="testng.P3" name="closeApp" time="1.049"/>
  <system-out/>
</testsuite> <!-- testng.P3 -->
