<?xml version="1.0" encoding="UTF-8"?>
<!-- Generated by org.testng.reporters.JUnitReportReporter -->
<testsuite hostname="DESKTOP-TP1SFRL" failures="0" tests="18" name="testng.P6" time="0.087" errors="0" timestamp="2021-03-09T10:28:40 IST" skipped="0">
  <testcase classname="testng.P6" name="pen" time="0.004"/>
  <system-out/>
  <testcase classname="testng.P6" name="pen" time="0.004"/>
  <system-out/>
  <testcase classname="testng.P6" name="pen" time="0.018"/>
  <system-out/>
  <testcase classname="testng.P6" name="mouse" time="0.003"/>
  <system-out/>
  <testcase classname="testng.P6" name="mouse" time="0.003"/>
  <system-out/>
  <testcase classname="testng.P6" name="mouse" time="0.003"/>
  <system-out/>
  <testcase classname="testng.P6" name="mouse" time="0.003"/>
  <system-out/>
  <testcase classname="testng.P6" name="keyboard" time="0.009"/>
  <system-out/>
  <testcase classname="testng.P6" name="keyboard" time="0.004"/>
  <system-out/>
  <testcase classname="testng.P6" name="keyboard" time="0.002"/>
  <system-out/>
  <testcase classname="testng.P6" name="keyboard" time="0.006"/>
  <system-out/>
  <testcase classname="testng.P6" name="keyboard" time="0.008"/>
  <system-out/>
  <testcase classname="testng.P6" name="duster" time="0.003"/>
  <system-out/>
  <testcase classname="testng.P6" name="duster" time="0.004"/>
  <system-out/>
  <testcase classname="testng.P6" name="duster" time="0.005"/>
  <system-out/>
  <testcase classname="testng.P6" name="duster" time="0.003"/>
  <system-out/>
  <testcase classname="testng.P6" name="duster" time="0.003"/>
  <system-out/>
  <testcase classname="testng.P6" name="duster" time="0.002"/>
  <system-out/>
</testsuite> <!-- testng.P6 -->
